<?xml version="1.0" encoding="UTF-8" ?>
<testsuite tests="13" failures="0" name="bonusFuncionario.MetodoCalculaBonusTest" time="0.039" errors="0" skipped="0">
  <properties>
    <property name="java.runtime.name" value="Java(TM) SE Runtime Environment"/>
    <property name="java.vm.version" value="11.0.9+7-LTS"/>
    <property name="sun.boot.library.path" value="/usr/lib/jvm/jdk-11.0.9/lib"/>
    <property name="maven.multiModuleProjectDirectory" value="/home/gabriel/Documentos/UFES/Gestão de Qualidade/Trabahos/trabalhoFinal-qualidade"/>
    <property name="java.vm.vendor" value="Oracle Corporation"/>
    <property name="java.vendor.url" value="https://openjdk.java.net/"/>
    <property name="guice.disable.misplaced.annotation.check" value="true"/>
    <property name="path.separator" value=":"/>
    <property name="java.vm.name" value="Java HotSpot(TM) 64-Bit Server VM"/>
    <property name="sun.os.patch.level" value="unknown"/>
    <property name="user.country" value="BR"/>
    <property name="sun.java.launcher" value="SUN_STANDARD"/>
    <property name="test" value="bonusFuncionario.MetodoCalculaBonusTest"/>
    <property name="java.vm.specification.name" value="Java Virtual Machine Specification"/>
    <property name="user.dir" value="/home/gabriel/Documentos/UFES/Gestão de Qualidade/Trabahos/trabalhoFinal-qualidade"/>
    <property name="java.vm.compressedOopsMode" value="32-bit"/>
    <property name="java.runtime.version" value="11.0.9+7-LTS"/>
    <property name="java.awt.graphicsenv" value="sun.awt.X11GraphicsEnvironment"/>
    <property name="os.arch" value="amd64"/>
    <property name="java.io.tmpdir" value="/tmp"/>
    <property name="line.separator" value="
"/>
    <property name="java.vm.specification.vendor" value="Oracle Corporation"/>
    <property name="os.name" value="Linux"/>
    <property name="maven.ext.class.path" value="/home/gabriel/netbeans-12.0/netbeans/java/maven-nblib/netbeans-eventspy.jar"/>
    <property name="classworlds.conf" value="/home/gabriel/netbeans-12.0/netbeans/java/maven/bin/m2.conf"/>
    <property name="sun.jnu.encoding" value="UTF-8"/>
    <property name="java.library.path" value="/usr/java/packages/lib:/usr/lib64:/lib64:/lib:/usr/lib"/>
    <property name="maven.conf" value="/home/gabriel/netbeans-12.0/netbeans/java/maven/conf"/>
    <property name="jdk.debug" value="release"/>
    <property name="java.class.version" value="55.0"/>
    <property name="java.specification.name" value="Java Platform API Specification"/>
    <property name="sun.management.compiler" value="HotSpot 64-Bit Tiered Compilers"/>
    <property name="os.version" value="5.4.0-77-generic"/>
    <property name="library.jansi.path" value="/home/gabriel/netbeans-12.0/netbeans/java/maven/lib/jansi-native"/>
    <property name="user.home" value="/home/gabriel"/>
    <property name="user.timezone" value="America/Sao_Paulo"/>
    <property name="java.awt.printerjob" value="sun.print.PSPrinterJob"/>
    <property name="file.encoding" value="UTF-8"/>
    <property name="java.specification.version" value="11"/>
    <property name="user.name" value="gabriel"/>
    <property name="java.class.path" value="/home/gabriel/netbeans-12.0/netbeans/java/maven/boot/plexus-classworlds-2.6.0.jar"/>
    <property name="java.vm.specification.version" value="11"/>
    <property name="sun.arch.data.model" value="64"/>
    <property name="sun.java.command" value="org.codehaus.plexus.classworlds.launcher.Launcher -Dtest=bonusFuncionario.MetodoCalculaBonusTest -Dmaven.ext.class.path=/home/gabriel/netbeans-12.0/netbeans/java/maven-nblib/netbeans-eventspy.jar surefire:test"/>
    <property name="java.home" value="/usr/lib/jvm/jdk-11.0.9"/>
    <property name="user.language" value="pt"/>
    <property name="java.specification.vendor" value="Oracle Corporation"/>
    <property name="awt.toolkit" value="sun.awt.X11.XToolkit"/>
    <property name="java.vm.info" value="mixed mode"/>
    <property name="java.version" value="11.0.9"/>
    <property name="securerandom.source" value="file:/dev/./urandom"/>
    <property name="java.vendor" value="Oracle Corporation"/>
    <property name="maven.home" value="/home/gabriel/netbeans-12.0/netbeans/java/maven"/>
    <property name="file.separator" value="/"/>
    <property name="java.version.date" value="2020-10-20"/>
    <property name="java.vendor.url.bug" value="https://bugreport.java.com/bugreport/"/>
    <property name="sun.io.unicode.encoding" value="UnicodeLittle"/>
    <property name="sun.cpu.endian" value="little"/>
    <property name="java.vendor.version" value="18.9"/>
    <property name="sun.desktop" value="gnome"/>
    <property name="sun.cpu.isalist" value=""/>
  </properties>
  <testcase classname="bonusFuncionario.MetodoCalculaBonusTest" name="CT001" time="0.004"/>
  <testcase classname="bonusFuncionario.MetodoCalculaBonusTest" name="CT002" time="0.024"/>
  <testcase classname="bonusFuncionario.MetodoCalculaBonusTest" name="CT003" time="0.001"/>
  <testcase classname="bonusFuncionario.MetodoCalculaBonusTest" name="CT004" time="0"/>
  <testcase classname="bonusFuncionario.MetodoCalculaBonusTest" name="CT005" time="0.001"/>
  <testcase classname="bonusFuncionario.MetodoCalculaBonusTest" name="CT006" time="0.007"/>
  <testcase classname="bonusFuncionario.MetodoCalculaBonusTest" name="CT007" time="0"/>
  <testcase classname="bonusFuncionario.MetodoCalculaBonusTest" name="CT008" time="0"/>
  <testcase classname="bonusFuncionario.MetodoCalculaBonusTest" name="CT009" time="0.001"/>
  <testcase classname="bonusFuncionario.MetodoCalculaBonusTest" name="CT010" time="0"/>
  <testcase classname="bonusFuncionario.MetodoCalculaBonusTest" name="CT011" time="0.001"/>
  <testcase classname="bonusFuncionario.MetodoCalculaBonusTest" name="CT012" time="0"/>
  <testcase classname="bonusFuncionario.MetodoCalculaBonusTest" name="CT013" time="0"/>
</testsuite>